2017-06-22 23:05:01,236 INFO [org.springframework.test.context.support.DefaultTestContextBootstrapper] - Loaded default TestExecutionListener class names from location [META-INF/spring.factories]: [org.springframework.test.context.web.ServletTestExecutionListener, org.springframework.test.context.support.DirtiesContextBeforeModesTestExecutionListener, org.springframework.test.context.support.DependencyInjectionTestExecutionListener, org.springframework.test.context.support.DirtiesContextTestExecutionListener, org.springframework.test.context.transaction.TransactionalTestExecutionListener, org.springframework.test.context.jdbc.SqlScriptsTestExecutionListener]
2017-06-22 23:05:01,240 INFO [org.springframework.test.context.support.DefaultTestContextBootstrapper] - Could not instantiate TestExecutionListener [org.springframework.test.context.jdbc.SqlScriptsTestExecutionListener]. Specify custom listener classes or make the default listener classes (and their required dependencies) available. Offending class: [org/springframework/transaction/interceptor/TransactionAttribute]
2017-06-22 23:05:01,241 INFO [org.springframework.test.context.support.DefaultTestContextBootstrapper] - Could not instantiate TestExecutionListener [org.springframework.test.context.transaction.TransactionalTestExecutionListener]. Specify custom listener classes or make the default listener classes (and their required dependencies) available. Offending class: [org/springframework/transaction/interceptor/TransactionAttributeSource]
2017-06-22 23:05:01,241 INFO [org.springframework.test.context.support.DefaultTestContextBootstrapper] - Could not instantiate TestExecutionListener [org.springframework.test.context.web.ServletTestExecutionListener]. Specify custom listener classes or make the default listener classes (and their required dependencies) available. Offending class: [javax/servlet/ServletContext]
2017-06-22 23:05:01,243 INFO [org.springframework.test.context.support.DefaultTestContextBootstrapper] - Using TestExecutionListeners: [org.springframework.test.context.support.DirtiesContextBeforeModesTestExecutionListener@3b81a1bc, org.springframework.test.context.support.DependencyInjectionTestExecutionListener@64616ca2, org.springframework.test.context.support.DirtiesContextTestExecutionListener@13fee20c]
2017-06-22 23:05:01,306 INFO [org.springframework.beans.factory.xml.XmlBeanDefinitionReader] - Loading XML bean definitions from class path resource [spring/spring-kafka-consumer.xml]
2017-06-22 23:05:01,445 INFO [org.springframework.context.support.GenericApplicationContext] - Refreshing org.springframework.context.support.GenericApplicationContext@5d5eef3d: startup date [Thu Jun 22 23:05:01 CST 2017]; root of context hierarchy
2017-06-22 23:05:01,635 INFO [org.springframework.context.support.DefaultLifecycleProcessor] - Starting beans in phase 0
2017-06-22 23:05:01,659 INFO [org.apache.kafka.clients.consumer.ConsumerConfig] - ConsumerConfig values: 
	auto.commit.interval.ms = 5000
	auto.offset.reset = latest
	bootstrap.servers = [kafka-server-a:9095, kafka-server-c:9095, kafka-server-b:9095]
	check.crcs = true
	client.id = 
	connections.max.idle.ms = 540000
	enable.auto.commit = true
	exclude.internal.topics = true
	fetch.max.bytes = 52428800
	fetch.max.wait.ms = 500
	fetch.min.bytes = 1
	group.id = group-1
	heartbeat.interval.ms = 3000
	interceptor.classes = null
	key.deserializer = class org.apache.kafka.common.serialization.StringDeserializer
	max.partition.fetch.bytes = 1048576
	max.poll.interval.ms = 300000
	max.poll.records = 500
	metadata.max.age.ms = 300000
	metric.reporters = []
	metrics.num.samples = 2
	metrics.recording.level = INFO
	metrics.sample.window.ms = 30000
	partition.assignment.strategy = [class org.apache.kafka.clients.consumer.RangeAssignor]
	receive.buffer.bytes = 65536
	reconnect.backoff.ms = 50
	request.timeout.ms = 305000
	retry.backoff.ms = 100
	sasl.jaas.config = null
	sasl.kerberos.kinit.cmd = /usr/bin/kinit
	sasl.kerberos.min.time.before.relogin = 60000
	sasl.kerberos.service.name = null
	sasl.kerberos.ticket.renew.jitter = 0.05
	sasl.kerberos.ticket.renew.window.factor = 0.8
	sasl.mechanism = PLAIN
	security.protocol = SASL_PLAINTEXT
	send.buffer.bytes = 131072
	session.timeout.ms = 10000
	ssl.cipher.suites = null
	ssl.enabled.protocols = [TLSv1.2, TLSv1.1, TLSv1]
	ssl.endpoint.identification.algorithm = null
	ssl.key.password = null
	ssl.keymanager.algorithm = SunX509
	ssl.keystore.location = null
	ssl.keystore.password = null
	ssl.keystore.type = JKS
	ssl.protocol = TLS
	ssl.provider = null
	ssl.secure.random.implementation = null
	ssl.trustmanager.algorithm = PKIX
	ssl.truststore.location = null
	ssl.truststore.password = null
	ssl.truststore.type = JKS
	value.deserializer = class org.apache.kafka.common.serialization.IntegerDeserializer

2017-06-22 23:05:01,813 INFO [org.apache.kafka.common.security.authenticator.AbstractLogin] - Successfully logged in.
2017-06-22 23:05:01,844 INFO [org.apache.kafka.common.utils.AppInfoParser] - Kafka version : 0.10.2.1
2017-06-22 23:05:01,844 INFO [org.apache.kafka.common.utils.AppInfoParser] - Kafka commitId : e89bffd6b2eff799
2017-06-22 23:05:01,990 INFO [org.apache.kafka.clients.consumer.internals.AbstractCoordinator] - Discovered coordinator kafka-server-a:9095 (id: 2147483647 rack: null) for group group-1.
2017-06-22 23:05:01,995 INFO [org.apache.kafka.clients.consumer.internals.ConsumerCoordinator] - Revoking previously assigned partitions [] for group group-1
2017-06-22 23:05:01,995 INFO [org.springframework.kafka.listener.KafkaMessageListenerContainer] - partitions revoked:[]
2017-06-22 23:05:01,995 INFO [org.apache.kafka.clients.consumer.internals.AbstractCoordinator] - (Re-)joining group group-1
2017-06-22 23:05:02,004 INFO [org.apache.kafka.clients.consumer.internals.AbstractCoordinator] - Successfully joined group group-1 with generation 1
2017-06-22 23:05:02,005 INFO [org.apache.kafka.clients.consumer.internals.ConsumerCoordinator] - Setting newly assigned partitions [] for group group-1
2017-06-22 23:05:02,005 INFO [org.springframework.kafka.listener.KafkaMessageListenerContainer] - partitions assigned:[]
2017-06-22 23:06:46,871 INFO [org.springframework.context.support.GenericApplicationContext] - Closing org.springframework.context.support.GenericApplicationContext@5d5eef3d: startup date [Thu Jun 22 23:05:01 CST 2017]; root of context hierarchy
2017-06-22 23:06:46,875 INFO [org.springframework.context.support.DefaultLifecycleProcessor] - Stopping beans in phase 0
2017-06-22 23:06:46,882 INFO [org.springframework.kafka.listener.KafkaMessageListenerContainer$ListenerConsumer] - Consumer stopped
2017-06-22 23:06:53,059 INFO [org.springframework.test.context.support.DefaultTestContextBootstrapper] - Loaded default TestExecutionListener class names from location [META-INF/spring.factories]: [org.springframework.test.context.web.ServletTestExecutionListener, org.springframework.test.context.support.DirtiesContextBeforeModesTestExecutionListener, org.springframework.test.context.support.DependencyInjectionTestExecutionListener, org.springframework.test.context.support.DirtiesContextTestExecutionListener, org.springframework.test.context.transaction.TransactionalTestExecutionListener, org.springframework.test.context.jdbc.SqlScriptsTestExecutionListener]
2017-06-22 23:06:53,063 INFO [org.springframework.test.context.support.DefaultTestContextBootstrapper] - Could not instantiate TestExecutionListener [org.springframework.test.context.jdbc.SqlScriptsTestExecutionListener]. Specify custom listener classes or make the default listener classes (and their required dependencies) available. Offending class: [org/springframework/transaction/interceptor/TransactionAttribute]
2017-06-22 23:06:53,063 INFO [org.springframework.test.context.support.DefaultTestContextBootstrapper] - Could not instantiate TestExecutionListener [org.springframework.test.context.transaction.TransactionalTestExecutionListener]. Specify custom listener classes or make the default listener classes (and their required dependencies) available. Offending class: [org/springframework/transaction/interceptor/TransactionAttributeSource]
2017-06-22 23:06:53,064 INFO [org.springframework.test.context.support.DefaultTestContextBootstrapper] - Could not instantiate TestExecutionListener [org.springframework.test.context.web.ServletTestExecutionListener]. Specify custom listener classes or make the default listener classes (and their required dependencies) available. Offending class: [javax/servlet/ServletContext]
2017-06-22 23:06:53,065 INFO [org.springframework.test.context.support.DefaultTestContextBootstrapper] - Using TestExecutionListeners: [org.springframework.test.context.support.DirtiesContextBeforeModesTestExecutionListener@3b81a1bc, org.springframework.test.context.support.DependencyInjectionTestExecutionListener@64616ca2, org.springframework.test.context.support.DirtiesContextTestExecutionListener@13fee20c]
2017-06-22 23:06:53,123 INFO [org.springframework.beans.factory.xml.XmlBeanDefinitionReader] - Loading XML bean definitions from class path resource [spring/spring-kafka-consumer.xml]
2017-06-22 23:06:53,255 INFO [org.springframework.context.support.GenericApplicationContext] - Refreshing org.springframework.context.support.GenericApplicationContext@5d5eef3d: startup date [Thu Jun 22 23:06:53 CST 2017]; root of context hierarchy
2017-06-22 23:06:53,410 INFO [org.springframework.context.support.DefaultLifecycleProcessor] - Starting beans in phase 0
2017-06-22 23:06:53,435 INFO [org.apache.kafka.clients.consumer.ConsumerConfig] - ConsumerConfig values: 
	auto.commit.interval.ms = 5000
	auto.offset.reset = latest
	bootstrap.servers = [kafka-server-a:9095, kafka-server-c:9095, kafka-server-b:9095]
	check.crcs = true
	client.id = 
	connections.max.idle.ms = 540000
	enable.auto.commit = true
	exclude.internal.topics = true
	fetch.max.bytes = 52428800
	fetch.max.wait.ms = 500
	fetch.min.bytes = 1
	group.id = group-1
	heartbeat.interval.ms = 3000
	interceptor.classes = null
	key.deserializer = class org.apache.kafka.common.serialization.StringDeserializer
	max.partition.fetch.bytes = 1048576
	max.poll.interval.ms = 300000
	max.poll.records = 500
	metadata.max.age.ms = 300000
	metric.reporters = []
	metrics.num.samples = 2
	metrics.recording.level = INFO
	metrics.sample.window.ms = 30000
	partition.assignment.strategy = [class org.apache.kafka.clients.consumer.RangeAssignor]
	receive.buffer.bytes = 65536
	reconnect.backoff.ms = 50
	request.timeout.ms = 305000
	retry.backoff.ms = 100
	sasl.jaas.config = null
	sasl.kerberos.kinit.cmd = /usr/bin/kinit
	sasl.kerberos.min.time.before.relogin = 60000
	sasl.kerberos.service.name = null
	sasl.kerberos.ticket.renew.jitter = 0.05
	sasl.kerberos.ticket.renew.window.factor = 0.8
	sasl.mechanism = PLAIN
	security.protocol = SASL_PLAINTEXT
	send.buffer.bytes = 131072
	session.timeout.ms = 10000
	ssl.cipher.suites = null
	ssl.enabled.protocols = [TLSv1.2, TLSv1.1, TLSv1]
	ssl.endpoint.identification.algorithm = null
	ssl.key.password = null
	ssl.keymanager.algorithm = SunX509
	ssl.keystore.location = null
	ssl.keystore.password = null
	ssl.keystore.type = JKS
	ssl.protocol = TLS
	ssl.provider = null
	ssl.secure.random.implementation = null
	ssl.trustmanager.algorithm = PKIX
	ssl.truststore.location = null
	ssl.truststore.password = null
	ssl.truststore.type = JKS
	value.deserializer = class org.apache.kafka.common.serialization.IntegerDeserializer

2017-06-22 23:06:53,568 INFO [org.apache.kafka.common.security.authenticator.AbstractLogin] - Successfully logged in.
2017-06-22 23:06:53,601 INFO [org.apache.kafka.common.utils.AppInfoParser] - Kafka version : 0.10.2.1
2017-06-22 23:06:53,601 INFO [org.apache.kafka.common.utils.AppInfoParser] - Kafka commitId : e89bffd6b2eff799
2017-06-22 23:06:53,736 INFO [org.apache.kafka.clients.consumer.internals.AbstractCoordinator] - Discovered coordinator kafka-server-a:9095 (id: 2147483647 rack: null) for group group-1.
2017-06-22 23:06:53,738 INFO [org.apache.kafka.clients.consumer.internals.ConsumerCoordinator] - Revoking previously assigned partitions [] for group group-1
2017-06-22 23:06:53,738 INFO [org.springframework.kafka.listener.KafkaMessageListenerContainer] - partitions revoked:[]
2017-06-22 23:06:53,738 INFO [org.apache.kafka.clients.consumer.internals.AbstractCoordinator] - (Re-)joining group group-1
2017-06-22 23:06:53,747 INFO [org.apache.kafka.clients.consumer.internals.AbstractCoordinator] - Successfully joined group group-1 with generation 3
2017-06-22 23:06:53,747 INFO [org.apache.kafka.clients.consumer.internals.ConsumerCoordinator] - Setting newly assigned partitions [] for group group-1
2017-06-22 23:06:53,747 INFO [org.springframework.kafka.listener.KafkaMessageListenerContainer] - partitions assigned:[]
2017-06-22 23:09:20,694 INFO [org.springframework.test.context.support.DefaultTestContextBootstrapper] - Loaded default TestExecutionListener class names from location [META-INF/spring.factories]: [org.springframework.test.context.web.ServletTestExecutionListener, org.springframework.test.context.support.DirtiesContextBeforeModesTestExecutionListener, org.springframework.test.context.support.DependencyInjectionTestExecutionListener, org.springframework.test.context.support.DirtiesContextTestExecutionListener, org.springframework.test.context.transaction.TransactionalTestExecutionListener, org.springframework.test.context.jdbc.SqlScriptsTestExecutionListener]
2017-06-22 23:09:20,699 INFO [org.springframework.test.context.support.DefaultTestContextBootstrapper] - Could not instantiate TestExecutionListener [org.springframework.test.context.jdbc.SqlScriptsTestExecutionListener]. Specify custom listener classes or make the default listener classes (and their required dependencies) available. Offending class: [org/springframework/transaction/interceptor/TransactionAttribute]
2017-06-22 23:09:20,699 INFO [org.springframework.test.context.support.DefaultTestContextBootstrapper] - Could not instantiate TestExecutionListener [org.springframework.test.context.transaction.TransactionalTestExecutionListener]. Specify custom listener classes or make the default listener classes (and their required dependencies) available. Offending class: [org/springframework/transaction/interceptor/TransactionAttributeSource]
2017-06-22 23:09:20,700 INFO [org.springframework.test.context.support.DefaultTestContextBootstrapper] - Could not instantiate TestExecutionListener [org.springframework.test.context.web.ServletTestExecutionListener]. Specify custom listener classes or make the default listener classes (and their required dependencies) available. Offending class: [javax/servlet/ServletContext]
2017-06-22 23:09:20,701 INFO [org.springframework.test.context.support.DefaultTestContextBootstrapper] - Using TestExecutionListeners: [org.springframework.test.context.support.DirtiesContextBeforeModesTestExecutionListener@3b81a1bc, org.springframework.test.context.support.DependencyInjectionTestExecutionListener@64616ca2, org.springframework.test.context.support.DirtiesContextTestExecutionListener@13fee20c]
2017-06-22 23:09:20,769 INFO [org.springframework.beans.factory.xml.XmlBeanDefinitionReader] - Loading XML bean definitions from class path resource [spring/spring-kafka-consumer.xml]
2017-06-22 23:09:20,917 INFO [org.springframework.context.support.GenericApplicationContext] - Refreshing org.springframework.context.support.GenericApplicationContext@5d5eef3d: startup date [Thu Jun 22 23:09:20 CST 2017]; root of context hierarchy
2017-06-22 23:09:21,120 INFO [org.springframework.context.support.DefaultLifecycleProcessor] - Starting beans in phase 0
2017-06-22 23:09:21,155 INFO [org.apache.kafka.clients.consumer.ConsumerConfig] - ConsumerConfig values: 
	auto.commit.interval.ms = 5000
	auto.offset.reset = latest
	bootstrap.servers = [kafka-server-a:9095, kafka-server-c:9095, kafka-server-b:9095]
	check.crcs = true
	client.id = 
	connections.max.idle.ms = 540000
	enable.auto.commit = true
	exclude.internal.topics = true
	fetch.max.bytes = 52428800
	fetch.max.wait.ms = 500
	fetch.min.bytes = 1
	group.id = group-1
	heartbeat.interval.ms = 3000
	interceptor.classes = null
	key.deserializer = class org.apache.kafka.common.serialization.StringDeserializer
	max.partition.fetch.bytes = 1048576
	max.poll.interval.ms = 300000
	max.poll.records = 500
	metadata.max.age.ms = 300000
	metric.reporters = []
	metrics.num.samples = 2
	metrics.recording.level = INFO
	metrics.sample.window.ms = 30000
	partition.assignment.strategy = [class org.apache.kafka.clients.consumer.RangeAssignor]
	receive.buffer.bytes = 65536
	reconnect.backoff.ms = 50
	request.timeout.ms = 305000
	retry.backoff.ms = 100
	sasl.jaas.config = null
	sasl.kerberos.kinit.cmd = /usr/bin/kinit
	sasl.kerberos.min.time.before.relogin = 60000
	sasl.kerberos.service.name = null
	sasl.kerberos.ticket.renew.jitter = 0.05
	sasl.kerberos.ticket.renew.window.factor = 0.8
	sasl.mechanism = PLAIN
	security.protocol = SASL_PLAINTEXT
	send.buffer.bytes = 131072
	session.timeout.ms = 10000
	ssl.cipher.suites = null
	ssl.enabled.protocols = [TLSv1.2, TLSv1.1, TLSv1]
	ssl.endpoint.identification.algorithm = null
	ssl.key.password = null
	ssl.keymanager.algorithm = SunX509
	ssl.keystore.location = null
	ssl.keystore.password = null
	ssl.keystore.type = JKS
	ssl.protocol = TLS
	ssl.provider = null
	ssl.secure.random.implementation = null
	ssl.trustmanager.algorithm = PKIX
	ssl.truststore.location = null
	ssl.truststore.password = null
	ssl.truststore.type = JKS
	value.deserializer = class org.apache.kafka.common.serialization.IntegerDeserializer

2017-06-22 23:09:21,431 INFO [org.apache.kafka.common.security.authenticator.AbstractLogin] - Successfully logged in.
2017-06-22 23:09:21,471 INFO [org.apache.kafka.common.utils.AppInfoParser] - Kafka version : 0.10.2.1
2017-06-22 23:09:21,471 INFO [org.apache.kafka.common.utils.AppInfoParser] - Kafka commitId : e89bffd6b2eff799
2017-06-22 23:09:21,614 INFO [org.apache.kafka.clients.consumer.internals.AbstractCoordinator] - Discovered coordinator kafka-server-a:9095 (id: 2147483647 rack: null) for group group-1.
2017-06-22 23:09:21,616 INFO [org.apache.kafka.clients.consumer.internals.ConsumerCoordinator] - Revoking previously assigned partitions [] for group group-1
2017-06-22 23:09:21,616 INFO [org.springframework.kafka.listener.KafkaMessageListenerContainer] - partitions revoked:[]
2017-06-22 23:09:21,616 INFO [org.apache.kafka.clients.consumer.internals.AbstractCoordinator] - (Re-)joining group group-1
2017-06-22 23:09:21,720 INFO [org.apache.kafka.clients.consumer.internals.ConsumerCoordinator] - Revoking previously assigned partitions [] for group group-1
2017-06-22 23:09:21,721 INFO [org.springframework.kafka.listener.KafkaMessageListenerContainer] - partitions revoked:[]
2017-06-22 23:09:21,721 INFO [org.apache.kafka.clients.consumer.internals.AbstractCoordinator] - (Re-)joining group group-1
2017-06-22 23:09:21,740 INFO [org.apache.kafka.clients.consumer.internals.AbstractCoordinator] - Successfully joined group group-1 with generation 4
2017-06-22 23:09:21,741 INFO [org.apache.kafka.clients.consumer.internals.ConsumerCoordinator] - Setting newly assigned partitions [] for group group-1
2017-06-22 23:09:21,741 INFO [org.springframework.kafka.listener.KafkaMessageListenerContainer] - partitions assigned:[]
2017-06-22 23:09:21,741 INFO [org.apache.kafka.clients.consumer.internals.AbstractCoordinator] - Successfully joined group group-1 with generation 4
2017-06-22 23:09:21,742 INFO [org.apache.kafka.clients.consumer.internals.ConsumerCoordinator] - Setting newly assigned partitions [mldn-topic-0] for group group-1
2017-06-22 23:09:21,743 INFO [org.springframework.kafka.listener.KafkaMessageListenerContainer] - partitions assigned:[mldn-topic-0]
2017-06-22 23:12:04,131 INFO [org.springframework.context.support.GenericApplicationContext] - Closing org.springframework.context.support.GenericApplicationContext@5d5eef3d: startup date [Thu Jun 22 23:09:20 CST 2017]; root of context hierarchy
2017-06-22 23:12:04,132 INFO [org.springframework.context.support.DefaultLifecycleProcessor] - Stopping beans in phase 0
2017-06-22 23:12:04,138 INFO [org.springframework.kafka.listener.KafkaMessageListenerContainer$ListenerConsumer] - Consumer stopped
2017-06-22 23:12:04,912 INFO [org.apache.kafka.clients.consumer.internals.ConsumerCoordinator] - Revoking previously assigned partitions [] for group group-1
2017-06-22 23:12:04,913 INFO [org.springframework.kafka.listener.KafkaMessageListenerContainer] - partitions revoked:[]
2017-06-22 23:12:04,913 INFO [org.apache.kafka.clients.consumer.internals.AbstractCoordinator] - (Re-)joining group group-1
2017-06-22 23:12:04,918 INFO [org.apache.kafka.clients.consumer.internals.AbstractCoordinator] - Successfully joined group group-1 with generation 5
2017-06-22 23:12:04,918 INFO [org.apache.kafka.clients.consumer.internals.ConsumerCoordinator] - Setting newly assigned partitions [] for group group-1
2017-06-22 23:12:04,918 INFO [org.springframework.kafka.listener.KafkaMessageListenerContainer] - partitions assigned:[]
